<?xml version="1.0" encoding="UTF-8"?>
<!-- Generated by org.testng.reporters.JUnitXMLReporter -->
<testsuite ignored="1" hostname="DESKTOP-77Q316R" failures="1" tests="3" name="Test" time="8.224" errors="0" timestamp="2022-06-18T18:27:27 IST">
  <testcase classname="test.LoginTest" name="verifyButton" time="0.225">
    <failure type="java.lang.AssertionError" message="expected [false] but found [true]">
      <![CDATA[java.lang.AssertionError: expected [false] but found [true]
at test.LoginTest.verifyButton(LoginTest.java:49)
at java.base/java.util.ArrayList.forEach(ArrayList.java:1511)
... Removed 31 stack frames]]>
    </failure>
  </testcase> <!-- verifyButton -->
  <testcase classname="test.LoginTest" name="login" time="4.426"/>
  <testcase classname="test.HomePageTest" name="logout" time="2.543"/>
  <testcase classname="test.BaseTest" name="@BeforeSuite initBrowser" time="0.0">
    <ignored/>
  </testcase> <!-- @BeforeSuite initBrowser -->
</testsuite> <!-- Test -->
